Building DAG of jobs...
Using shell: /bin/bash
Provided cores: 1 (use --cores to define parallelism)
Rules claiming more threads will be scaled down.
Job stats:
job               count    min threads    max threads
--------------  -------  -------------  -------------
all                   1              1              1
bcftools_call         1              1              1
bwa_map               2              1              1
plot_quals            1              1              1
samtools_index        2              1              1
samtools_sort         2              1              1
total                 9              1              1

Select jobs to execute...

[Thu Nov 18 15:28:40 2021]
rule bwa_map:
    input: data/genome.fa, data/samples/A.fastq
    output: mapped_reads/A.bam
    jobid: 4
    wildcards: sample=A
    resources: tmpdir=/var/folders/hr/dvggvx5s4s9fts3zvt6rlh_c0000gn/T

[Thu Nov 18 15:28:41 2021]
Finished job 4.
1 of 9 steps (11%) done
Select jobs to execute...

[Thu Nov 18 15:28:41 2021]
rule samtools_sort:
    input: mapped_reads/A.bam
    output: sorted_reads/A.bam
    jobid: 3
    wildcards: sample=A
    resources: tmpdir=/var/folders/hr/dvggvx5s4s9fts3zvt6rlh_c0000gn/T

[Thu Nov 18 15:28:41 2021]
Finished job 3.
2 of 9 steps (22%) done
Select jobs to execute...

[Thu Nov 18 15:28:41 2021]
rule samtools_index:
    input: sorted_reads/A.bam
    output: sorted_reads/A.bam.bai
    jobid: 7
    wildcards: sample=A
    resources: tmpdir=/var/folders/hr/dvggvx5s4s9fts3zvt6rlh_c0000gn/T

[Thu Nov 18 15:28:41 2021]
Finished job 7.
3 of 9 steps (33%) done
Select jobs to execute...

[Thu Nov 18 15:28:41 2021]
rule bwa_map:
    input: data/genome.fa, data/samples/B.fastq
    output: mapped_reads/B.bam
    jobid: 6
    wildcards: sample=B
    resources: tmpdir=/var/folders/hr/dvggvx5s4s9fts3zvt6rlh_c0000gn/T

[Thu Nov 18 15:28:43 2021]
Finished job 6.
4 of 9 steps (44%) done
Select jobs to execute...

[Thu Nov 18 15:28:43 2021]
rule samtools_sort:
    input: mapped_reads/B.bam
    output: sorted_reads/B.bam
    jobid: 5
    wildcards: sample=B
    resources: tmpdir=/var/folders/hr/dvggvx5s4s9fts3zvt6rlh_c0000gn/T

[Thu Nov 18 15:28:43 2021]
Finished job 5.
5 of 9 steps (56%) done
Select jobs to execute...

[Thu Nov 18 15:28:43 2021]
rule samtools_index:
    input: sorted_reads/B.bam
    output: sorted_reads/B.bam.bai
    jobid: 8
    wildcards: sample=B
    resources: tmpdir=/var/folders/hr/dvggvx5s4s9fts3zvt6rlh_c0000gn/T

[Thu Nov 18 15:28:43 2021]
Finished job 8.
6 of 9 steps (67%) done
Select jobs to execute...

[Thu Nov 18 15:28:43 2021]
rule bcftools_call:
    input: data/genome.fa, sorted_reads/A.bam, sorted_reads/B.bam, sorted_reads/A.bam.bai, sorted_reads/B.bam.bai
    output: calls/all.vcf
    jobid: 2
    resources: tmpdir=/var/folders/hr/dvggvx5s4s9fts3zvt6rlh_c0000gn/T

[Thu Nov 18 15:28:44 2021]
Finished job 2.
7 of 9 steps (78%) done
Select jobs to execute...

[Thu Nov 18 15:28:44 2021]
rule plot_quals:
    input: calls/all.vcf
    output: plots/quals.svg
    jobid: 1
    resources: tmpdir=/var/folders/hr/dvggvx5s4s9fts3zvt6rlh_c0000gn/T

[Thu Nov 18 15:29:02 2021]
Finished job 1.
8 of 9 steps (89%) done
Select jobs to execute...

[Thu Nov 18 15:29:02 2021]
localrule all:
    input: plots/quals.svg
    jobid: 0
    resources: tmpdir=/var/folders/hr/dvggvx5s4s9fts3zvt6rlh_c0000gn/T

[Thu Nov 18 15:29:02 2021]
Finished job 0.
9 of 9 steps (100%) done
Complete log: /Users/tangyirui/Work/snakemake-tutorial/.snakemake/log/2021-11-18T152839.624259.snakemake.log
